#
# There is insufficient memory for the Java Runtime Environment to continue.
# Native memory allocation (malloc) failed to allocate 1048576 bytes for AllocateHeap
# Possible reasons:
#   The system is out of physical RAM or swap space
#   The process is running with CompressedOops enabled, and the Java Heap may be blocking the growth of the native heap
# Possible solutions:
#   Reduce memory load on the system
#   Increase physical memory or swap space
#   Check if swap backing store is full
#   Decrease Java heap size (-Xmx/-Xms)
#   Decrease number of Java threads
#   Decrease Java thread stack sizes (-Xss)
#   Set larger code cache with -XX:ReservedCodeCacheSize=
#   JVM is running with Unscaled Compressed Oops mode in which the Java heap is
#     placed in the first 4GB address space. The Java Heap base address is the
#     maximum limit for the native heap growth. Please use -XX:HeapBaseMinAddress
#     to set the Java Heap base and to place the Java Heap above 4GB virtual address.
# This output file may be truncated or incomplete.
#
#  Out of Memory Error (memory/allocation.inline.hpp:61), pid=11896, tid=0x000000000000335c
#
# JRE version:  (8.0_242-b01) (build )
# Java VM: OpenJDK 64-Bit Server VM (25.242-b01 mixed mode windows-amd64 compressed oops)
# Failed to write core dump. Minidumps are not enabled by default on client versions of Windows
#

---------------  T H R E A D  ---------------

Current thread (0x0000000002f8e800):  JavaThread "Unknown thread" [_thread_in_vm, id=13148, stack(0x0000000002dc0000,0x0000000002ec0000)]

Stack: [0x0000000002dc0000,0x0000000002ec0000]
[error occurred during error reporting (printing stack bounds), id 0xc0000005]

Native frames: (J=compiled Java code, j=interpreted, Vv=VM code, C=native code)


---------------  P R O C E S S  ---------------

Java Threads: ( => current thread )

Other Threads:

=>0x0000000002f8e800 (exited) JavaThread "Unknown thread" [_thread_in_vm, id=13148, stack(0x0000000002dc0000,0x0000000002ec0000)]

VM state:not at safepoint (normal execution)

VM Mutex/Monitor currently owned by a thread: None

heap address: 0x0000000082000000, size: 2016 MB, Compressed Oops mode: 32-bit
Narrow klass base: 0x0000000000000000, Narrow klass shift: 3
Compressed class space size: 1073741824 Address: 0x0000000100000000

Heap:
 PSYoungGen      total 37888K, used 655K [0x00000000d6000000, 0x00000000d8a00000, 0x0000000100000000)
  eden space 32768K, 2% used [0x00000000d6000000,0x00000000d60a3d80,0x00000000d8000000)
  from space 5120K, 0% used [0x00000000d8500000,0x00000000d8500000,0x00000000d8a00000)
  to   space 5120K, 0% used [0x00000000d8000000,0x00000000d8000000,0x00000000d8500000)
 ParOldGen       total 86016K, used 0K [0x0000000082000000, 0x0000000087400000, 0x00000000d6000000)
  object space 86016K, 0% used [0x0000000082000000,0x0000000082000000,0x0000000087400000)
 Metaspace       used 779K, capacity 4480K, committed 4480K, reserved 1056768K
  class space    used 74K, capacity 384K, committed 384K, reserved 1048576K

Card table byte_map: [0x0000000012450000,0x0000000012850000] byte_map_base: 0x0000000012040000

Marking Bits: (ParMarkBitMap*) 0x000000005be5f030
 Begin Bits: [0x0000000012ef0000, 0x0000000014e70000)
 End Bits:   [0x0000000014e70000, 0x0000000016df0000)

Polling page: 0x00000000015e0000

CodeCache: size=245760Kb used=328Kb max_used=328Kb free=245431Kb
 bounds [0x0000000003090000, 0x0000000003300000, 0x0000000012090000]
 total_blobs=57 nmethods=0 adapters=38
 compilation: enabled

Compilation events (0 events):
No events

GC Heap History (0 events):
No events

Deoptimization events (0 events):
No events

Classes redefined (0 events):
No events

Internal exceptions (0 events):
No events

Events (10 events):
Event: 0.117 loading class java/lang/Short
Event: 0.117 loading class java/lang/Short done
Event: 0.117 loading class java/lang/Integer
Event: 0.119 loading class java/lang/Integer done
Event: 0.119 loading class java/lang/Long
Event: 0.121 loading class java/lang/Long done
Event: 0.123 loading class java/lang/NullPointerException
Event: 0.123 loading class java/lang/NullPointerException done
Event: 0.123 loading class java/lang/ArithmeticException
Event: 0.123 loading class java/lang/ArithmeticException done


Dynamic libraries:
0x00007ff63edf0000 - 0x00007ff63ee21000 	C:\Program Files\Android\Android Studio\jre\bin\java.exe
0x00007ffb7eaf0000 - 0x00007ffb7ece5000 	C:\WINDOWS\SYSTEM32\ntdll.dll
0x00007ffb7e950000 - 0x00007ffb7ea0d000 	C:\WINDOWS\System32\KERNEL32.DLL
0x00007ffb7c620000 - 0x00007ffb7c8e8000 	C:\WINDOWS\System32\KERNELBASE.dll
0x00007ffb7d1f0000 - 0x00007ffb7d29c000 	C:\WINDOWS\System32\ADVAPI32.dll
0x00007ffb7e880000 - 0x00007ffb7e91e000 	C:\WINDOWS\System32\msvcrt.dll
0x00007ffb7e760000 - 0x00007ffb7e7fb000 	C:\WINDOWS\System32\sechost.dll
0x00007ffb7d010000 - 0x00007ffb7d13b000 	C:\WINDOWS\System32\RPCRT4.dll
0x00007ffb7d720000 - 0x00007ffb7d8c0000 	C:\WINDOWS\System32\USER32.dll
0x00007ffb7cc10000 - 0x00007ffb7cc32000 	C:\WINDOWS\System32\win32u.dll
0x00007ffb7e920000 - 0x00007ffb7e94a000 	C:\WINDOWS\System32\GDI32.dll
0x00007ffb7c480000 - 0x00007ffb7c58b000 	C:\WINDOWS\System32\gdi32full.dll
0x00007ffb7cac0000 - 0x00007ffb7cb5d000 	C:\WINDOWS\System32\msvcp_win.dll
0x00007ffb7c940000 - 0x00007ffb7ca40000 	C:\WINDOWS\System32\ucrtbase.dll
0x00007ffb66630000 - 0x00007ffb668ca000 	C:\WINDOWS\WinSxS\amd64_microsoft.windows.common-controls_6595b64144ccf1df_6.0.19041.844_none_ca00b6081b84eb1d\COMCTL32.dll
0x00007ffb7ea10000 - 0x00007ffb7ea40000 	C:\WINDOWS\System32\IMM32.DLL
0x000000005b4d0000 - 0x000000005b5a2000 	C:\Program Files\Android\Android Studio\jre\jre\bin\msvcr100.dll
0x000000005b690000 - 0x000000005bedb000 	C:\Program Files\Android\Android Studio\jre\jre\bin\server\jvm.dll
0x00007ffb7d2a0000 - 0x00007ffb7d2a8000 	C:\WINDOWS\System32\PSAPI.DLL
0x00007ffb6f040000 - 0x00007ffb6f049000 	C:\WINDOWS\SYSTEM32\WSOCK32.dll
0x00007ffb7cc40000 - 0x00007ffb7ccab000 	C:\WINDOWS\System32\WS2_32.dll
0x00007ffb6d690000 - 0x00007ffb6d6b7000 	C:\WINDOWS\SYSTEM32\WINMM.dll
0x00007ffb6e570000 - 0x00007ffb6e57a000 	C:\WINDOWS\SYSTEM32\VERSION.dll
0x00007ffb6efd0000 - 0x00007ffb6efdf000 	C:\Program Files\Android\Android Studio\jre\jre\bin\verify.dll
0x00007ffb5c800000 - 0x00007ffb5c829000 	C:\Program Files\Android\Android Studio\jre\jre\bin\java.dll
0x00007ffb56cc0000 - 0x00007ffb56cd6000 	C:\Program Files\Android\Android Studio\jre\jre\bin\zip.dll

VM Arguments:
jvm_args: -Dorg.gradle.appname=gradlew 
java_command: org.gradle.wrapper.GradleWrapperMain -q -Ptarget-platform=android-x86 -Ptarget=E:\Flutter\covid_tracker\lib\main.dart -Ptrack-widget-creation=true -Pfilesystem-scheme=org-dartlang-root -Pdart-defines=flutter.inspector.structuredErrors%3Dtrue assembleDebug
java_class_path (initial): E:\Flutter\covid_tracker\android\\gradle\wrapper\gradle-wrapper.jar
Launcher Type: SUN_STANDARD

Environment Variables:
JAVA_HOME=C:\Program Files\Android\Android Studio\jre
CLASSPATH=E:\Flutter\covid_tracker\android\\gradle\wrapper\gradle-wrapper.jar
PATH=C:\Program Files (x86)\Common Files\Oracle\Java\javapath;C:\WINDOWS\system32;C:\WINDOWS;C:\WINDOWS\System32\Wbem;C:\WINDOWS\System32\WindowsPowerShell\v1.0\;C:\WINDOWS\System32\OpenSSH\;C:\Program Files\dotnet\;C:\Program Files\Microsoft SQL Server\130\Tools\Binn\;C:\Program Files\Microsoft SQL Server\Client SDK\ODBC\170\Tools\Binn\;C:\Program Files (x86)\dotnet\;E:\jdk\bin;E:\Git\Git\cmd;E:\Node\;C:\Program Files\MySQL\MySQL Shell 8.0\bin\;C:\Users\DELL\AppData\Local\Microsoft\WindowsApps;C:\Users\DELL\AppData\Local\Programs\Microsoft VS Code\bin;C:\Users\DELL\.dotnet\tools;C:\src\flutter\bin;C:\Users\DELL\AppData\Roaming\npm;C:\src\flutter\bin\mingit\cmd
USERNAME=DELL
OS=Windows_NT
PROCESSOR_IDENTIFIER=Intel64 Family 6 Model 58 Stepping 9, GenuineIntel



---------------  S Y S T E M  ---------------

OS: Windows 10.0 , 64 bit Build 19041 (10.0.19041.928)

CPU:total 4 (initial active 4) (2 cores per cpu, 2 threads per core) family 6 model 58 stepping 9, cmov, cx8, fxsr, mmx, sse, sse2, sse3, ssse3, sse4.1, sse4.2, popcnt, avx, aes, clmul, erms, ht, tsc, tscinvbit, tscinv

Memory: 4k page, physical 8257160k(214352k free), swap 22778036k(3608k free)

vm_info: OpenJDK 64-Bit Server VM (25.242-b01) for windows-amd64 JRE (1.8.0_242-release-1644-b01), built by "builder" with MS VC++ 10.0 (VS2010)

time: Mon May 10 00:53:01 2021
timezone: Pakistan Standard Time
elapsed time: 0 seconds (0d 0h 0m 0s)

